# JRE version: OpenJDK Runtime Environment (7.0_79-b14) (build 1.7.0_79-b14)
# Java VM: OpenJDK 64-Bit Server VM (24.79-b02 mixed mode linux-amd64 compressed oops)
Heap
 PSYoungGen      total 572416K, used 25709K [0x00000007d5500000, 0x0000000800000000, 0x0000000800000000)
  eden space 461312K, 3% used [0x00000007d5500000,0x00000007d6398e08,0x00000007f1780000)
  from space 111104K, 9% used [0x00000007f1780000,0x00000007f2202608,0x00000007f8400000)
  to   space 106496K, 0% used [0x00000007f9800000,0x00000007f9800000,0x0000000800000000)
 ParOldGen       total 1016832K, used 938018K [0x0000000780000000, 0x00000007be100000, 0x00000007d5500000)
  object space 1016832K, 92% used [0x0000000780000000,0x00000007b94088d0,0x00000007be100000)
 PSPermGen       total 262144K, used 180848K [0x0000000770000000, 0x0000000780000000, 0x0000000780000000)
  object space 262144K, 68% used [0x0000000770000000,0x000000077b09c308,0x0000000780000000)
GC Heap History (10 events):
Event: 799,764 GC heap before
{Heap before GC invocations=76 (full 3):
 PSYoungGen      total 591872K, used 489920K [0x00000007d5500000, 0x00000007ffd00000, 0x0000000800000000)
  eden space 489472K, 100% used [0x00000007d5500000,0x00000007f3300000,0x00000007f3300000)
  from space 102400K, 0% used [0x00000007f9900000,0x00000007f9970000,0x00000007ffd00000)
  to   space 103424K, 0% used [0x00000007f3300000,0x00000007f3300000,0x00000007f9800000)
 ParOldGen       total 1016832K, used 819883K [0x0000000780000000, 0x00000007be100000, 0x00000007d5500000)
  object space 1016832K, 80% used [0x0000000780000000,0x00000007b20aad50,0x00000007be100000)
 PSPermGen       total 262144K, used 176188K [0x0000000770000000, 0x0000000780000000, 0x0000000780000000)
  object space 262144K, 67% used [0x0000000770000000,0x000000077ac0f208,0x0000000780000000)
Event: 799,798 GC heap after
Heap after GC invocations=76 (full 3):
 PSYoungGen      total 592896K, used 512K [0x00000007d5500000, 0x00000007ffd00000, 0x0000000800000000)
  eden space 489472K, 0% used [0x00000007d5500000,0x00000007d5500000,0x00000007f3300000)
  from space 103424K, 0% used [0x00000007f3300000,0x00000007f3380010,0x00000007f9800000)
  to   space 101376K, 0% used [0x00000007f9a00000,0x00000007f9a00000,0x00000007ffd00000)
 ParOldGen       total 1016832K, used 820075K [0x0000000780000000, 0x00000007be100000, 0x00000007d5500000)
  object space 1016832K, 80% used [0x0000000780000000,0x00000007b20dad50,0x00000007be100000)
 PSPermGen       total 262144K, used 176188K [0x0000000770000000, 0x0000000780000000, 0x0000000780000000)
  object space 262144K, 67% used [0x0000000770000000,0x000000077ac0f208,0x0000000780000000)
}
Event: 811,993 GC heap before
{Heap before GC invocations=77 (full 3):
 PSYoungGen      total 592896K, used 489984K [0x00000007d5500000, 0x00000007ffd00000, 0x0000000800000000)
  eden space 489472K, 100% used [0x00000007d5500000,0x00000007f3300000,0x00000007f3300000)
  from space 103424K, 0% used [0x00000007f3300000,0x00000007f3380010,0x00000007f9800000)
  to   space 101376K, 0% used [0x00000007f9a00000,0x00000007f9a00000,0x00000007ffd00000)
 ParOldGen       total 1016832K, used 820075K [0x0000000780000000, 0x00000007be100000, 0x00000007d5500000)
  object space 1016832K, 80% used [0x0000000780000000,0x00000007b20dad50,0x00000007be100000)
 PSPermGen       total 262144K, used 176425K [0x0000000770000000, 0x0000000780000000, 0x0000000780000000)
  object space 262144K, 67% used [0x0000000770000000,0x000000077ac4a4c0,0x0000000780000000)
Event: 813,377 GC heap after
Heap after GC invocations=77 (full 3):
 PSYoungGen      total 559104K, used 99898K [0x00000007d5500000, 0x0000000800000000, 0x0000000800000000)
  eden space 457728K, 0% used [0x00000007d5500000,0x00000007d5500000,0x00000007f1400000)
  from space 101376K, 98% used [0x00000007f9a00000,0x00000007ffb8e9d8,0x00000007ffd00000)
  to   space 120832K, 0% used [0x00000007f1400000,0x00000007f1400000,0x00000007f8a00000)
 ParOldGen       total 1016832K, used 820347K [0x0000000780000000, 0x00000007be100000, 0x00000007d5500000)
  object space 1016832K, 80% used [0x0000000780000000,0x00000007b211ed60,0x00000007be100000)
 PSPermGen       total 262144K, used 176425K [0x0000000770000000, 0x0000000780000000, 0x0000000780000000)
  object space 262144K, 67% used [0x0000000770000000,0x000000077ac4a4c0,0x0000000780000000)
}
Event: 827,756 GC heap before
{Heap before GC invocations=78 (full 3):
 PSYoungGen      total 559104K, used 557626K [0x00000007d5500000, 0x0000000800000000, 0x0000000800000000)
  eden space 457728K, 100% used [0x00000007d5500000,0x00000007f1400000,0x00000007f1400000)
  from space 101376K, 98% used [0x00000007f9a00000,0x00000007ffb8e9d8,0x00000007ffd00000)
  to   space 120832K, 0% used [0x00000007f1400000,0x00000007f1400000,0x00000007f8a00000)
 ParOldGen       total 1016832K, used 820347K [0x0000000780000000, 0x00000007be100000, 0x00000007d5500000)
  object space 1016832K, 80% used [0x0000000780000000,0x00000007b211ed60,0x00000007be100000)
 PSPermGen       total 262144K, used 176822K [0x0000000770000000, 0x0000000780000000, 0x0000000780000000)
  object space 262144K, 67% used [0x0000000770000000,0x000000077acadb58,0x0000000780000000)
Event: 827,884 GC heap after
Heap after GC invocations=78 (full 3):
 PSYoungGen      total 578560K, used 4998K [0x00000007d5500000, 0x0000000800000000, 0x0000000800000000)
  eden space 457728K, 0% used [0x00000007d5500000,0x00000007d5500000,0x00000007f1400000)
  from space 120832K, 4% used [0x00000007f1400000,0x00000007f18e1998,0x00000007f8a00000)
  to   space 117248K, 0% used [0x00000007f8d80000,0x00000007f8d80000,0x0000000800000000)
 ParOldGen       total 1016832K, used 919640K [0x0000000780000000, 0x00000007be100000, 0x00000007d5500000)
  object space 1016832K, 90% used [0x0000000780000000,0x00000007b82161b0,0x00000007be100000)
 PSPermGen       total 262144K, used 176822K [0x0000000770000000, 0x0000000780000000, 0x0000000780000000)
  object space 262144K, 67% used [0x0000000770000000,0x000000077acadb58,0x0000000780000000)
}
Event: 940,858 GC heap before
{Heap before GC invocations=79 (full 3):
 PSYoungGen      total 578560K, used 462726K [0x00000007d5500000, 0x0000000800000000, 0x0000000800000000)
  eden space 457728K, 100% used [0x00000007d5500000,0x00000007f1400000,0x00000007f1400000)
  from space 120832K, 4% used [0x00000007f1400000,0x00000007f18e1998,0x00000007f8a00000)
  to   space 117248K, 0% used [0x00000007f8d80000,0x00000007f8d80000,0x0000000800000000)
 ParOldGen       total 1016832K, used 919640K [0x0000000780000000, 0x00000007be100000, 0x00000007d5500000)
  object space 1016832K, 90% used [0x0000000780000000,0x00000007b82161b0,0x00000007be100000)
 PSPermGen       total 262144K, used 178593K [0x0000000770000000, 0x0000000780000000, 0x0000000780000000)
  object space 262144K, 68% used [0x0000000770000000,0x000000077ae68510,0x0000000780000000)
Event: 942,611 GC heap after
Heap after GC invocations=79 (full 3):
 PSYoungGen      total 562688K, used 17051K [0x00000007d5500000, 0x00000007ff080000, 0x0000000800000000)
  eden space 461312K, 0% used [0x00000007d5500000,0x00000007d5500000,0x00000007f1780000)
  from space 101376K, 16% used [0x00000007f8d80000,0x00000007f9e26cc0,0x00000007ff080000)
  to   space 111104K, 0% used [0x00000007f1780000,0x00000007f1780000,0x00000007f8400000)
 ParOldGen       total 1016832K, used 923511K [0x0000000780000000, 0x00000007be100000, 0x00000007d5500000)
  object space 1016832K, 90% used [0x0000000780000000,0x00000007b85dde00,0x00000007be100000)
 PSPermGen       total 262144K, used 178593K [0x0000000770000000, 0x0000000780000000, 0x0000000780000000)
  object space 262144K, 68% used [0x0000000770000000,0x000000077ae68510,0x0000000780000000)
}
Event: 1004,435 GC heap before
{Heap before GC invocations=80 (full 3):
 PSYoungGen      total 562688K, used 478363K [0x00000007d5500000, 0x00000007ff080000, 0x0000000800000000)
  eden space 461312K, 100% used [0x00000007d5500000,0x00000007f1780000,0x00000007f1780000)
  from space 101376K, 16% used [0x00000007f8d80000,0x00000007f9e26cc0,0x00000007ff080000)
  to   space 111104K, 0% used [0x00000007f1780000,0x00000007f1780000,0x00000007f8400000)
 ParOldGen       total 1016832K, used 923511K [0x0000000780000000, 0x00000007be100000, 0x00000007d5500000)
  object space 1016832K, 90% used [0x0000000780000000,0x00000007b85dde00,0x00000007be100000)
 PSPermGen       total 262144K, used 180801K [0x0000000770000000, 0x0000000780000000, 0x0000000780000000)
  object space 262144K, 68% used [0x0000000770000000,0x000000077b090558,0x0000000780000000)
Event: 1004,791 GC heap after
Heap after GC invocations=80 (full 3):
 PSYoungGen      total 572416K, used 10761K [0x00000007d5500000, 0x0000000800000000, 0x0000000800000000)
  eden space 461312K, 0% used [0x00000007d5500000,0x00000007d5500000,0x00000007f1780000)
  from space 111104K, 9% used [0x00000007f1780000,0x00000007f2202608,0x00000007f8400000)
  to   space 106496K, 0% used [0x00000007f9800000,0x00000007f9800000,0x0000000800000000)
 ParOldGen       total 1016832K, used 938018K [0x0000000780000000, 0x00000007be100000, 0x00000007d5500000)
  object space 1016832K, 92% used [0x0000000780000000,0x00000007b94088d0,0x00000007be100000)
 PSPermGen       total 262144K, used 180801K [0x0000000770000000, 0x0000000780000000, 0x0000000780000000)
  object space 262144K, 68% used [0x0000000770000000,0x000000077b090558,0x0000000780000000)
}

